[debug] [2017-08-16T15:11:45.867Z] ----------------------------------------------------------------------
[debug] [2017-08-16T15:11:45.867Z] Command:       C:\Program Files\nodejs\node.exe C:\Users\margarito.mancilla\AppData\Roaming\npm\node_modules\firebase-tools\bin\firebase serve
[debug] [2017-08-16T15:11:45.871Z] CLI Version:   3.9.2
[debug] [2017-08-16T15:11:45.871Z] Platform:      win32
[debug] [2017-08-16T15:11:45.871Z] Node Version:  v6.11.2
[debug] [2017-08-16T15:11:45.871Z] Time:          Wed Aug 16 2017 10:11:45 GMT-0500 (Central Daylight Time (Mexico))
[debug] [2017-08-16T15:11:45.871Z] ----------------------------------------------------------------------
[debug] 
[debug] [2017-08-16T15:11:45.883Z] > command requires scopes: ["email","openid","https://www.googleapis.com/auth/cloudplatformprojects.readonly","https://www.googleapis.com/auth/firebase","https://www.googleapis.com/auth/cloud-platform"]
[debug] [2017-08-16T15:11:45.883Z] > authorizing via signed-in user
[debug] [2017-08-16T15:11:45.883Z] >>> HTTP REQUEST GET https://admin.firebase.com/v1/projects/nuevo-proyecto-cff85  
 Wed Aug 16 2017 10:11:45 GMT-0500 (Central Daylight Time (Mexico))
[debug] [2017-08-16T15:11:46.522Z] <<< HTTP RESPONSE 200
[debug] [2017-08-16T15:11:46.526Z] >>> HTTP REQUEST GET https://admin.firebase.com/v1/database/nuevo-proyecto-cff85/tokens  
 Wed Aug 16 2017 10:11:46 GMT-0500 (Central Daylight Time (Mexico))
[debug] [2017-08-16T15:11:47.126Z] <<< HTTP RESPONSE 200
[info] 
[info] === Serving from 'C:\Users\margarito.mancilla\Documents\GitHub\proyecto_polymer'...
[info] 
[debug] [2017-08-16T15:11:47.146Z] >>> HTTP REQUEST GET https://cloudresourcemanager.googleapis.com/v1/projects/nuevo-proyecto-cff85  
 Wed Aug 16 2017 10:11:47 GMT-0500 (Central Daylight Time (Mexico))
[debug] [2017-08-16T15:11:47.488Z] <<< HTTP RESPONSE 200
[debug] [2017-08-16T15:11:47.492Z] >>> HTTP REQUEST GET https://mobilesdk-pa.googleapis.com/v1/projects/1009901662502/clients/_:getWebAppConfig  
 Wed Aug 16 2017 10:11:47 GMT-0500 (Central Daylight Time (Mexico))
[debug] [2017-08-16T15:11:47.906Z] <<< HTTP RESPONSE 200
[info] i  hosting: Serving hosting files from: /
[info] +  hosting: Local server: http://localhost:5000

