0 info it worked if it ends with ok
1 verbose cli [ 'C:\\Program Files\\nodejs\\node.exe',
1 verbose cli   'C:\\Program Files\\nodejs\\node_modules\\npm\\bin\\npm-cli.js',
1 verbose cli   'install',
1 verbose cli   'PolymerElements/paper-input' ]
2 info using npm@3.10.10
3 info using node@v6.11.2
4 silly loadCurrentTree Starting
5 silly install loadCurrentTree
6 silly install readLocalPackageData
7 silly fetchPackageMetaData PolymerElements/paper-input
8 silly fetchOtherPackageData PolymerElements/paper-input
9 silly cache add args [ 'PolymerElements/paper-input', null ]
10 verbose cache add spec PolymerElements/paper-input
11 silly cache add parsed spec Result {
11 silly cache add   raw: 'PolymerElements/paper-input',
11 silly cache add   scope: null,
11 silly cache add   escapedName: null,
11 silly cache add   name: null,
11 silly cache add   rawSpec: 'PolymerElements/paper-input',
11 silly cache add   spec: 'github:polymerelements/paper-input',
11 silly cache add   type: 'hosted',
11 silly cache add   hosted:
11 silly cache add    { type: 'github',
11 silly cache add      ssh: 'git@github.com:polymerelements/paper-input.git',
11 silly cache add      sshUrl: 'git+ssh://git@github.com/polymerelements/paper-input.git',
11 silly cache add      httpsUrl: 'git+https://github.com/polymerelements/paper-input.git',
11 silly cache add      gitUrl: 'git://github.com/polymerelements/paper-input.git',
11 silly cache add      shortcut: 'github:polymerelements/paper-input',
11 silly cache add      directUrl: 'https://raw.githubusercontent.com/polymerelements/paper-input/master/package.json' } }
12 verbose addRemoteGit caching PolymerElements/paper-input
13 verbose addRemoteGit polymerelements/paper-input is a repository hosted by github
14 silly tryGitProto attempting to clone git://github.com/polymerelements/paper-input.git
15 silly tryClone cloning polymerelements/paper-input via git://github.com/polymerelements/paper-input.git
16 verbose tryClone git-github-com-polymerelements-paper-input-git-20ce729d not in flight; caching
17 verbose correctMkdir C:\Users\margarito.mancilla\AppData\Roaming\npm-cache\_git-remotes correctMkdir not in flight; initializing
18 info git [ 'clone',
18 info git   '--template=C:\\Users\\margarito.mancilla\\AppData\\Roaming\\npm-cache\\_git-remotes\\_templates',
18 info git   '--mirror',
18 info git   'git://github.com/polymerelements/paper-input.git',
18 info git   'C:\\Users\\margarito.mancilla\\AppData\\Roaming\\npm-cache\\_git-remotes\\git-github-com-polymerelements-paper-input-git-20ce729d' ]
19 verbose mirrorRemote polymerelements/paper-input git clone git://github.com/polymerelements/paper-input.git
20 verbose setPermissions polymerelements/paper-input skipping chownr on Windows
21 verbose resolveHead polymerelements/paper-input original treeish: master
22 info git [ 'rev-list', '-n1', 'master' ]
23 silly resolveHead polymerelements/paper-input resolved treeish: 79083d7bb9bcbdd39f83ed51ca4635000a6b29b7
24 verbose resolveHead polymerelements/paper-input resolved Git URL: git://github.com/polymerelements/paper-input.git#79083d7bb9bcbdd39f83ed51ca4635000a6b29b7
25 silly resolveHead Git working directory: C:\Users\MARGAR~1.MAN\AppData\Local\Temp\npm-8268-0729c522\git-cache-e0080f41\79083d7bb9bcbdd39f83ed51ca4635000a6b29b7
26 info git [ 'clone',
26 info git   'C:\\Users\\margarito.mancilla\\AppData\\Roaming\\npm-cache\\_git-remotes\\git-github-com-polymerelements-paper-input-git-20ce729d',
26 info git   'C:\\Users\\MARGAR~1.MAN\\AppData\\Local\\Temp\\npm-8268-0729c522\\git-cache-e0080f41\\79083d7bb9bcbdd39f83ed51ca4635000a6b29b7' ]
27 verbose cloneResolved polymerelements/paper-input clone Cloning into 'C:\Users\MARGAR~1.MAN\AppData\Local\Temp\npm-8268-0729c522\git-cache-e0080f41\79083d7bb9bcbdd39f83ed51ca4635000a6b29b7'...
27 verbose cloneResolved done.
28 info git [ 'checkout', '79083d7bb9bcbdd39f83ed51ca4635000a6b29b7' ]
29 verbose checkoutTreeish polymerelements/paper-input checkout Note: checking out '79083d7bb9bcbdd39f83ed51ca4635000a6b29b7'.
29 verbose checkoutTreeish
29 verbose checkoutTreeish You are in 'detached HEAD' state. You can look around, make experimental
29 verbose checkoutTreeish changes and commit them, and you can discard any commits you make in this
29 verbose checkoutTreeish state without impacting any branches by performing another checkout.
29 verbose checkoutTreeish
29 verbose checkoutTreeish If you want to create a new branch to retain commits you create, you may
29 verbose checkoutTreeish do so (now or later) by using -b with the checkout command again. Example:
29 verbose checkoutTreeish
29 verbose checkoutTreeish   git checkout -b <new-branch-name>
29 verbose checkoutTreeish
29 verbose checkoutTreeish HEAD is now at 79083d7... 2.0.1
30 info git [ 'submodule', '-q', 'update', '--init', '--recursive' ]
31 verbose updateSubmodules polymerelements/paper-input submodule update
32 error addLocal Could not install C:\Users\MARGAR~1.MAN\AppData\Local\Temp\npm-8268-0729c522\git-cache-e0080f41\79083d7bb9bcbdd39f83ed51ca4635000a6b29b7
33 silly tryHTTPS attempting to clone git+https://github.com/polymerelements/paper-input.git
34 silly tryClone cloning polymerelements/paper-input via git+https://github.com/polymerelements/paper-input.git
35 verbose tryClone git-https-github-com-polymerelements-paper-input-git-a21f7d32 not in flight; caching
36 verbose correctMkdir C:\Users\margarito.mancilla\AppData\Roaming\npm-cache\_git-remotes correctMkdir not in flight; initializing
37 info git [ 'clone',
37 info git   '--template=C:\\Users\\margarito.mancilla\\AppData\\Roaming\\npm-cache\\_git-remotes\\_templates',
37 info git   '--mirror',
37 info git   'https://github.com/polymerelements/paper-input.git',
37 info git   'C:\\Users\\margarito.mancilla\\AppData\\Roaming\\npm-cache\\_git-remotes\\git-https-github-com-polymerelements-paper-input-git-a21f7d32' ]
38 verbose mirrorRemote polymerelements/paper-input git clone https://github.com/polymerelements/paper-input.git
39 verbose setPermissions polymerelements/paper-input skipping chownr on Windows
40 verbose resolveHead polymerelements/paper-input original treeish: master
41 info git [ 'rev-list', '-n1', 'master' ]
42 silly resolveHead polymerelements/paper-input resolved treeish: 79083d7bb9bcbdd39f83ed51ca4635000a6b29b7
43 verbose resolveHead polymerelements/paper-input resolved Git URL: git+https://github.com/polymerelements/paper-input.git#79083d7bb9bcbdd39f83ed51ca4635000a6b29b7
44 silly resolveHead Git working directory: C:\Users\MARGAR~1.MAN\AppData\Local\Temp\npm-8268-0729c522\git-cache-5d15c510\79083d7bb9bcbdd39f83ed51ca4635000a6b29b7
45 info git [ 'clone',
45 info git   'C:\\Users\\margarito.mancilla\\AppData\\Roaming\\npm-cache\\_git-remotes\\git-https-github-com-polymerelements-paper-input-git-a21f7d32',
45 info git   'C:\\Users\\MARGAR~1.MAN\\AppData\\Local\\Temp\\npm-8268-0729c522\\git-cache-5d15c510\\79083d7bb9bcbdd39f83ed51ca4635000a6b29b7' ]
46 verbose cloneResolved polymerelements/paper-input clone Cloning into 'C:\Users\MARGAR~1.MAN\AppData\Local\Temp\npm-8268-0729c522\git-cache-5d15c510\79083d7bb9bcbdd39f83ed51ca4635000a6b29b7'...
46 verbose cloneResolved done.
47 info git [ 'checkout', '79083d7bb9bcbdd39f83ed51ca4635000a6b29b7' ]
48 verbose checkoutTreeish polymerelements/paper-input checkout Note: checking out '79083d7bb9bcbdd39f83ed51ca4635000a6b29b7'.
48 verbose checkoutTreeish
48 verbose checkoutTreeish You are in 'detached HEAD' state. You can look around, make experimental
48 verbose checkoutTreeish changes and commit them, and you can discard any commits you make in this
48 verbose checkoutTreeish state without impacting any branches by performing another checkout.
48 verbose checkoutTreeish
48 verbose checkoutTreeish If you want to create a new branch to retain commits you create, you may
48 verbose checkoutTreeish do so (now or later) by using -b with the checkout command again. Example:
48 verbose checkoutTreeish
48 verbose checkoutTreeish   git checkout -b <new-branch-name>
48 verbose checkoutTreeish
48 verbose checkoutTreeish HEAD is now at 79083d7... 2.0.1
49 info git [ 'submodule', '-q', 'update', '--init', '--recursive' ]
50 verbose updateSubmodules polymerelements/paper-input submodule update
51 error addLocal Could not install C:\Users\MARGAR~1.MAN\AppData\Local\Temp\npm-8268-0729c522\git-cache-5d15c510\79083d7bb9bcbdd39f83ed51ca4635000a6b29b7
52 silly trySSH attempting to clone git@github.com:polymerelements/paper-input.git
53 silly tryClone cloning polymerelements/paper-input via git@github.com:polymerelements/paper-input.git
54 verbose tryClone git-github-com-polymerelements-paper-input-git-f856a655 not in flight; caching
55 verbose correctMkdir C:\Users\margarito.mancilla\AppData\Roaming\npm-cache\_git-remotes correctMkdir not in flight; initializing
56 info git [ 'clone',
56 info git   '--template=C:\\Users\\margarito.mancilla\\AppData\\Roaming\\npm-cache\\_git-remotes\\_templates',
56 info git   '--mirror',
56 info git   'git@github.com:polymerelements/paper-input.git',
56 info git   'C:\\Users\\margarito.mancilla\\AppData\\Roaming\\npm-cache\\_git-remotes\\git-github-com-polymerelements-paper-input-git-f856a655' ]
57 error git clone --template=C:\Users\margarito.mancilla\AppData\Roaming\npm-cache\_git-remotes\_templates --mirror git@github.com:polymerelements/paper-input.git C:\Users\margarito.mancilla\AppData\Roaming\npm-cache\_git-remotes\git-github-com-polymerelements-paper-input-git-f856a655: Cloning into bare repository 'C:\Users\margarito.mancilla\AppData\Roaming\npm-cache\_git-remotes\git-github-com-polymerelements-paper-input-git-f856a655'...
57 error git clone --template=C:\Users\margarito.mancilla\AppData\Roaming\npm-cache\_git-remotes\_templates --mirror git@github.com:polymerelements/paper-input.git C:\Users\margarito.mancilla\AppData\Roaming\npm-cache\_git-remotes\git-github-com-polymerelements-paper-input-git-f856a655: Permission denied (publickey).
57 error git clone --template=C:\Users\margarito.mancilla\AppData\Roaming\npm-cache\_git-remotes\_templates --mirror git@github.com:polymerelements/paper-input.git C:\Users\margarito.mancilla\AppData\Roaming\npm-cache\_git-remotes\git-github-com-polymerelements-paper-input-git-f856a655: fatal: Could not read from remote repository.
57 error git clone --template=C:\Users\margarito.mancilla\AppData\Roaming\npm-cache\_git-remotes\_templates --mirror git@github.com:polymerelements/paper-input.git C:\Users\margarito.mancilla\AppData\Roaming\npm-cache\_git-remotes\git-github-com-polymerelements-paper-input-git-f856a655:
57 error git clone --template=C:\Users\margarito.mancilla\AppData\Roaming\npm-cache\_git-remotes\_templates --mirror git@github.com:polymerelements/paper-input.git C:\Users\margarito.mancilla\AppData\Roaming\npm-cache\_git-remotes\git-github-com-polymerelements-paper-input-git-f856a655: Please make sure you have the correct access rights
57 error git clone --template=C:\Users\margarito.mancilla\AppData\Roaming\npm-cache\_git-remotes\_templates --mirror git@github.com:polymerelements/paper-input.git C:\Users\margarito.mancilla\AppData\Roaming\npm-cache\_git-remotes\git-github-com-polymerelements-paper-input-git-f856a655: and the repository exists.
58 silly fetchPackageMetaData Error: Command failed: git -c core.longpaths=true clone --template=C:\Users\margarito.mancilla\AppData\Roaming\npm-cache\_git-remotes\_templates --mirror git@github.com:polymerelements/paper-input.git C:\Users\margarito.mancilla\AppData\Roaming\npm-cache\_git-remotes\git-github-com-polymerelements-paper-input-git-f856a655
58 silly fetchPackageMetaData Cloning into bare repository 'C:\Users\margarito.mancilla\AppData\Roaming\npm-cache\_git-remotes\git-github-com-polymerelements-paper-input-git-f856a655'...
58 silly fetchPackageMetaData Permission denied (publickey).
58 silly fetchPackageMetaData fatal: Could not read from remote repository.
58 silly fetchPackageMetaData
58 silly fetchPackageMetaData Please make sure you have the correct access rights
58 silly fetchPackageMetaData and the repository exists.
58 silly fetchPackageMetaData
58 silly fetchPackageMetaData     at ChildProcess.exithandler (child_process.js:198:12)
58 silly fetchPackageMetaData     at emitTwo (events.js:106:13)
58 silly fetchPackageMetaData     at ChildProcess.emit (events.js:191:7)
58 silly fetchPackageMetaData     at maybeClose (internal/child_process.js:891:16)
58 silly fetchPackageMetaData     at Process.ChildProcess._handle.onexit (internal/child_process.js:226:5)
58 silly fetchPackageMetaData  error for PolymerElements/paper-input { Error: Command failed: git -c core.longpaths=true clone --template=C:\Users\margarito.mancilla\AppData\Roaming\npm-cache\_git-remotes\_templates --mirror git@github.com:polymerelements/paper-input.git C:\Users\margarito.mancilla\AppData\Roaming\npm-cache\_git-remotes\git-github-com-polymerelements-paper-input-git-f856a655
58 silly fetchPackageMetaData Cloning into bare repository 'C:\Users\margarito.mancilla\AppData\Roaming\npm-cache\_git-remotes\git-github-com-polymerelements-paper-input-git-f856a655'...
58 silly fetchPackageMetaData Permission denied (publickey).
58 silly fetchPackageMetaData fatal: Could not read from remote repository.
58 silly fetchPackageMetaData
58 silly fetchPackageMetaData Please make sure you have the correct access rights
58 silly fetchPackageMetaData and the repository exists.
58 silly fetchPackageMetaData
58 silly fetchPackageMetaData     at ChildProcess.exithandler (child_process.js:198:12)
58 silly fetchPackageMetaData     at emitTwo (events.js:106:13)
58 silly fetchPackageMetaData     at ChildProcess.emit (events.js:191:7)
58 silly fetchPackageMetaData     at maybeClose (internal/child_process.js:891:16)
58 silly fetchPackageMetaData     at Process.ChildProcess._handle.onexit (internal/child_process.js:226:5)
58 silly fetchPackageMetaData   killed: false,
58 silly fetchPackageMetaData   code: 128,
58 silly fetchPackageMetaData   signal: null,
58 silly fetchPackageMetaData   cmd: 'git -c core.longpaths=true clone --template=C:\\Users\\margarito.mancilla\\AppData\\Roaming\\npm-cache\\_git-remotes\\_templates --mirror git@github.com:polymerelements/paper-input.git C:\\Users\\margarito.mancilla\\AppData\\Roaming\\npm-cache\\_git-remotes\\git-github-com-polymerelements-paper-input-git-f856a655' }
59 silly rollbackFailedOptional Starting
60 silly rollbackFailedOptional Finishing
61 silly runTopLevelLifecycles Finishing
62 silly install printInstalled
63 verbose stack Error: Command failed: git -c core.longpaths=true clone --template=C:\Users\margarito.mancilla\AppData\Roaming\npm-cache\_git-remotes\_templates --mirror git@github.com:polymerelements/paper-input.git C:\Users\margarito.mancilla\AppData\Roaming\npm-cache\_git-remotes\git-github-com-polymerelements-paper-input-git-f856a655
63 verbose stack Cloning into bare repository 'C:\Users\margarito.mancilla\AppData\Roaming\npm-cache\_git-remotes\git-github-com-polymerelements-paper-input-git-f856a655'...
63 verbose stack Permission denied (publickey).
63 verbose stack fatal: Could not read from remote repository.
63 verbose stack
63 verbose stack Please make sure you have the correct access rights
63 verbose stack and the repository exists.
63 verbose stack
63 verbose stack     at ChildProcess.exithandler (child_process.js:198:12)
63 verbose stack     at emitTwo (events.js:106:13)
63 verbose stack     at ChildProcess.emit (events.js:191:7)
63 verbose stack     at maybeClose (internal/child_process.js:891:16)
63 verbose stack     at Process.ChildProcess._handle.onexit (internal/child_process.js:226:5)
64 verbose cwd C:\curso_polymer\proyecto
65 error Windows_NT 10.0.14393
66 error argv "C:\\Program Files\\nodejs\\node.exe" "C:\\Program Files\\nodejs\\node_modules\\npm\\bin\\npm-cli.js" "install" "PolymerElements/paper-input"
67 error node v6.11.2
68 error npm  v3.10.10
69 error code 128
70 error Command failed: git -c core.longpaths=true clone --template=C:\Users\margarito.mancilla\AppData\Roaming\npm-cache\_git-remotes\_templates --mirror git@github.com:polymerelements/paper-input.git C:\Users\margarito.mancilla\AppData\Roaming\npm-cache\_git-remotes\git-github-com-polymerelements-paper-input-git-f856a655
70 error Cloning into bare repository 'C:\Users\margarito.mancilla\AppData\Roaming\npm-cache\_git-remotes\git-github-com-polymerelements-paper-input-git-f856a655'...
70 error Permission denied (publickey).
70 error fatal: Could not read from remote repository.
70 error
70 error Please make sure you have the correct access rights
70 error and the repository exists.
71 error If you need help, you may report this error at:
71 error     <https://github.com/npm/npm/issues>
72 verbose exit [ 1, true ]
